Vivado Simulator v2023.2
Copyright 1986-2022 Xilinx, Inc. All Rights Reserved.
Copyright 2022-2023 Advanced Micro Devices, Inc. All Rights Reserved.
Running: C:/Xilinx/Vivado/2023.2/bin/unwrapped/win64.o/xelab.exe top_sim -s top_sim_sim 
Multi-threading is on. Using 6 slave threads.
Starting static elaboration
Pass Through NonSizing Optimizer
WARNING: [VRFC 10-3091] actual bit length 32 differs from formal bit length 5 for port 's_axi_awaddr' [C:/Network/Vivado/src/fpga/tb/top_sim.v:73]
WARNING: [VRFC 10-3091] actual bit length 32 differs from formal bit length 3 for port 's_axi_awprot' [C:/Network/Vivado/src/fpga/tb/top_sim.v:74]
WARNING: [VRFC 10-3091] actual bit length 32 differs from formal bit length 5 for port 's_axi_araddr' [C:/Network/Vivado/src/fpga/tb/top_sim.v:84]
WARNING: [VRFC 10-3091] actual bit length 32 differs from formal bit length 3 for port 's_axi_arprot' [C:/Network/Vivado/src/fpga/tb/top_sim.v:85]
WARNING: [VRFC 10-3091] actual bit length 11 differs from formal bit length 10 for port 'radd' [C:/Network/Vivado/src/fpga/rtl/neuron.v:172]
WARNING: [VRFC 10-3091] actual bit length 10 differs from formal bit length 1 for port 'i_valid' [C:/Network/Vivado/src/fpga/rtl/zynet.v:318]
Completed static elaboration
Starting simulation data flow analysis
Completed simulation data flow analysis
Time Resolution for simulation is 1ps
Compiling module work.axi_lite_wrapper_default
Compiling module work.Weight_Memory(numWeight=784,neur...
Compiling module work.Sig_ROM(dataWidth=8)
Compiling module work.neuron(layerNo=1,dataWidth=8,sig...
Compiling module work.Weight_Memory(numWeight=784,neur...
Compiling module work.neuron(layerNo=1,neuronNo=1,data...
Compiling module work.Weight_Memory(numWeight=784,neur...
Compiling module work.neuron(layerNo=1,neuronNo=2,data...
Compiling module work.Weight_Memory(numWeight=784,neur...
Compiling module work.neuron(layerNo=1,neuronNo=3,data...
Compiling module work.Weight_Memory(numWeight=784,neur...
Compiling module work.neuron(layerNo=1,neuronNo=4,data...
Compiling module work.Weight_Memory(numWeight=784,data...
Compiling module work.neuron(layerNo=1,neuronNo=5,data...
Compiling module work.Weight_Memory(numWeight=784,neur...
Compiling module work.neuron(layerNo=1,neuronNo=6,data...
Compiling module work.Weight_Memory(numWeight=784,neur...
Compiling module work.neuron(layerNo=1,neuronNo=7,data...
Compiling module work.Weight_Memory(numWeight=784,neur...
Compiling module work.neuron(layerNo=1,neuronNo=8,data...
Compiling module work.Weight_Memory(numWeight=784,neur...
Compiling module work.neuron(layerNo=1,neuronNo=9,data...
Compiling module work.Weight_Memory(numWeight=784,neur...
Compiling module work.neuron(layerNo=1,neuronNo=10,dat...
Compiling module work.Weight_Memory(numWeight=784,neur...
Compiling module work.neuron(layerNo=1,neuronNo=11,dat...
Compiling module work.Weight_Memory(numWeight=784,neur...
Compiling module work.neuron(layerNo=1,neuronNo=12,dat...
Compiling module work.Weight_Memory(numWeight=784,neur...
Compiling module work.neuron(layerNo=1,neuronNo=13,dat...
Compiling module work.Weight_Memory(numWeight=784,neur...
Compiling module work.neuron(layerNo=1,neuronNo=14,dat...
Compiling module work.Weight_Memory(numWeight=784,neur...
Compiling module work.neuron(layerNo=1,neuronNo=15,dat...
Compiling module work.Weight_Memory(numWeight=784,neur...
Compiling module work.neuron(layerNo=1,neuronNo=16,dat...
Compiling module work.Weight_Memory(numWeight=784,neur...
Compiling module work.neuron(layerNo=1,neuronNo=17,dat...
Compiling module work.Weight_Memory(numWeight=784,neur...
Compiling module work.neuron(layerNo=1,neuronNo=18,dat...
Compiling module work.Weight_Memory(numWeight=784,neur...
Compiling module work.neuron(layerNo=1,neuronNo=19,dat...
Compiling module work.Weight_Memory(numWeight=784,neur...
Compiling module work.neuron(layerNo=1,neuronNo=20,dat...
Compiling module work.Weight_Memory(numWeight=784,neur...
Compiling module work.neuron(layerNo=1,neuronNo=21,dat...
Compiling module work.Weight_Memory(numWeight=784,neur...
Compiling module work.neuron(layerNo=1,neuronNo=22,dat...
Compiling module work.Weight_Memory(numWeight=784,neur...
Compiling module work.neuron(layerNo=1,neuronNo=23,dat...
Compiling module work.Weight_Memory(numWeight=784,neur...
Compiling module work.neuron(layerNo=1,neuronNo=24,dat...
Compiling module work.Weight_Memory(numWeight=784,neur...
Compiling module work.neuron(layerNo=1,neuronNo=25,dat...
Compiling module work.Weight_Memory(numWeight=784,neur...
Compiling module work.neuron(layerNo=1,neuronNo=26,dat...
Compiling module work.Weight_Memory(numWeight=784,neur...
Compiling module work.neuron(layerNo=1,neuronNo=27,dat...
Compiling module work.Weight_Memory(numWeight=784,neur...
Compiling module work.neuron(layerNo=1,neuronNo=28,dat...
Compiling module work.Weight_Memory(numWeight=784,neur...
Compiling module work.neuron(layerNo=1,neuronNo=29,dat...
Compiling module work.Layer_1(dataWidth=8,actType="sig...
Compiling module work.Weight_Memory(numWeight=30,neuro...
Compiling module work.neuron(layerNo=2,numWeight=30,da...
Compiling module work.Weight_Memory(numWeight=30,neuro...
Compiling module work.neuron(layerNo=2,neuronNo=1,numW...
Compiling module work.Weight_Memory(numWeight=30,neuro...
Compiling module work.neuron(layerNo=2,neuronNo=2,numW...
Compiling module work.Weight_Memory(numWeight=30,neuro...
Compiling module work.neuron(layerNo=2,neuronNo=3,numW...
Compiling module work.Weight_Memory(numWeight=30,neuro...
Compiling module work.neuron(layerNo=2,neuronNo=4,numW...
Compiling module work.Weight_Memory(numWeight=30,layer...
Compiling module work.neuron(layerNo=2,neuronNo=5,numW...
Compiling module work.Weight_Memory(numWeight=30,neuro...
Compiling module work.neuron(layerNo=2,neuronNo=6,numW...
Compiling module work.Weight_Memory(numWeight=30,neuro...
Compiling module work.neuron(layerNo=2,neuronNo=7,numW...
Compiling module work.Weight_Memory(numWeight=30,neuro...
Compiling module work.neuron(layerNo=2,neuronNo=8,numW...
Compiling module work.Weight_Memory(numWeight=30,neuro...
Compiling module work.neuron(layerNo=2,neuronNo=9,numW...
Compiling module work.Weight_Memory(numWeight=30,neuro...
Compiling module work.neuron(layerNo=2,neuronNo=10,num...
Compiling module work.Weight_Memory(numWeight=30,neuro...
Compiling module work.neuron(layerNo=2,neuronNo=11,num...
Compiling module work.Weight_Memory(numWeight=30,neuro...
Compiling module work.neuron(layerNo=2,neuronNo=12,num...
Compiling module work.Weight_Memory(numWeight=30,neuro...
Compiling module work.neuron(layerNo=2,neuronNo=13,num...
Compiling module work.Weight_Memory(numWeight=30,neuro...
Compiling module work.neuron(layerNo=2,neuronNo=14,num...
Compiling module work.Weight_Memory(numWeight=30,neuro...
Compiling module work.neuron(layerNo=2,neuronNo=15,num...
Compiling module work.Weight_Memory(numWeight=30,neuro...
Compiling module work.neuron(layerNo=2,neuronNo=16,num...
Compiling module work.Weight_Memory(numWeight=30,neuro...
Compiling module work.neuron(layerNo=2,neuronNo=17,num...
Compiling module work.Weight_Memory(numWeight=30,neuro...
Compiling module work.neuron(layerNo=2,neuronNo=18,num...
Compiling module work.Weight_Memory(numWeight=30,neuro...
Compiling module work.neuron(layerNo=2,neuronNo=19,num...
Compiling module work.Layer_2(NN=20,numWeight=30,dataW...
Compiling module work.Weight_Memory(numWeight=20,neuro...
Compiling module work.neuron(layerNo=3,numWeight=20,da...
Compiling module work.Weight_Memory(numWeight=20,neuro...
Compiling module work.neuron(layerNo=3,neuronNo=1,numW...
Compiling module work.Weight_Memory(numWeight=20,neuro...
Compiling module work.neuron(layerNo=3,neuronNo=2,numW...
Compiling module work.Weight_Memory(numWeight=20,neuro...
Compiling module work.neuron(layerNo=3,neuronNo=3,numW...
Compiling module work.Weight_Memory(numWeight=20,neuro...
Compiling module work.neuron(layerNo=3,neuronNo=4,numW...
Compiling module work.Weight_Memory(numWeight=20,layer...
Compiling module work.neuron(layerNo=3,neuronNo=5,numW...
Compiling module work.Weight_Memory(numWeight=20,neuro...
Compiling module work.neuron(layerNo=3,neuronNo=6,numW...
Compiling module work.Weight_Memory(numWeight=20,neuro...
Compiling module work.neuron(layerNo=3,neuronNo=7,numW...
Compiling module work.Weight_Memory(numWeight=20,neuro...
Compiling module work.neuron(layerNo=3,neuronNo=8,numW...
Compiling module work.Weight_Memory(numWeight=20,neuro...
Compiling module work.neuron(layerNo=3,neuronNo=9,numW...
Compiling module work.Layer_3(NN=10,numWeight=20,dataW...
Compiling module work.maxFinder(inputWidth=8)
Compiling module work.zyNet
Compiling module work.top_sim
Built simulation snapshot top_sim_sim
