INFO: [VRFC 10-2263] Analyzing Verilog file "C:/Network/Vivado/src/fpga/rtl/axi_lite_wrapper.v" into library work
INFO: [VRFC 10-311] analyzing module axi_lite_wrapper
INFO: [VRFC 10-2263] Analyzing Verilog file "C:/Network/Vivado/src/fpga/rtl/include.v" into library work
WARNING: [VRFC 10-3381] ignoring re-definition of command line macro 'pretrained' [C:/Network/Vivado/src/fpga/rtl/include.v:1]
INFO: [VRFC 10-2263] Analyzing Verilog file "C:/Network/Vivado/src/fpga/rtl/Layer_1.v" into library work
INFO: [VRFC 10-311] analyzing module Layer_1
INFO: [VRFC 10-2263] Analyzing Verilog file "C:/Network/Vivado/src/fpga/rtl/Layer_2.v" into library work
INFO: [VRFC 10-311] analyzing module Layer_2
INFO: [VRFC 10-2263] Analyzing Verilog file "C:/Network/Vivado/src/fpga/rtl/Layer_3.v" into library work
INFO: [VRFC 10-311] analyzing module Layer_3
INFO: [VRFC 10-2263] Analyzing Verilog file "C:/Network/Vivado/src/fpga/rtl/maxFinder.v" into library work
INFO: [VRFC 10-311] analyzing module maxFinder
INFO: [VRFC 10-2263] Analyzing Verilog file "C:/Network/Vivado/src/fpga/rtl/neuron.v" into library work
INFO: [VRFC 10-311] analyzing module neuron
INFO: [VRFC 10-2263] Analyzing Verilog file "C:/Network/Vivado/src/fpga/rtl/relu.v" into library work
INFO: [VRFC 10-311] analyzing module ReLU
INFO: [VRFC 10-2263] Analyzing Verilog file "C:/Network/Vivado/src/fpga/rtl/Sig_ROM.v" into library work
INFO: [VRFC 10-311] analyzing module Sig_ROM
INFO: [VRFC 10-2263] Analyzing Verilog file "C:/Network/Vivado/src/fpga/rtl/Weight_Memory.v" into library work
INFO: [VRFC 10-311] analyzing module Weight_Memory
INFO: [VRFC 10-2263] Analyzing Verilog file "C:/Network/Vivado/src/fpga/rtl/zynet.v" into library work
INFO: [VRFC 10-311] analyzing module zyNet
INFO: [VRFC 10-2263] Analyzing Verilog file "C:/Network/Vivado/src/fpga/tb/top_sim.v" into library work
INFO: [VRFC 10-311] analyzing module top_sim
